[2024-05-12 20:19:30] [ ERROR] [infoLogger:22] La lista es igual a 0
[2024-05-12 20:19:30] [ INFO ] [infoLogger:20] La longitud de la lista es mayor a 5
[2024-05-12 20:19:30] [ INFO ] [infoLogger:18] La longitud de la lista es mayor a 10
[2024-05-12 20:19:30] [ ERROR] [infoLogger:22] La lista es igual a 0
[2024-05-12 20:19:30] [ INFO ] [infoLogger:20] La longitud de la lista es mayor a 5
[2024-05-12 20:19:30] [ INFO ] [infoLogger:18] La longitud de la lista es mayor a 10
[2024-05-12 20:27:56] [ ERROR] [infoLogger:22] La lista es igual a 0
[2024-05-12 20:27:56] [ INFO ] [infoLogger:20] La longitud de la lista es mayor a 5
[2024-05-12 20:27:56] [ INFO ] [infoLogger:18] La longitud de la lista es mayor a 10
[2024-05-12 20:27:56] [ ERROR] [infoLogger:22] La lista es igual a 0
[2024-05-12 20:27:56] [ INFO ] [infoLogger:20] La longitud de la lista es mayor a 5
[2024-05-12 20:27:56] [ INFO ] [infoLogger:18] La longitud de la lista es mayor a 10
[2024-05-12 20:29:22] [ ERROR] [infoLogger:22] La lista es igual a 0
[2024-05-12 20:29:22] [ INFO ] [infoLogger:20] La longitud de la lista es mayor a 5
[2024-05-12 20:29:22] [ INFO ] [infoLogger:18] La longitud de la lista es mayor a 10
[2024-05-12 20:29:22] [ ERROR] [infoLogger:22] La lista es igual a 0
[2024-05-12 20:29:22] [ INFO ] [infoLogger:20] La longitud de la lista es mayor a 5
[2024-05-12 20:29:22] [ INFO ] [infoLogger:18] La longitud de la lista es mayor a 10
[2024-05-12 20:29:46] [ ERROR] [infoLogger:22] La lista es igual a 0
[2024-05-12 20:29:46] [ INFO ] [infoLogger:20] La longitud de la lista es mayor a 5
[2024-05-12 20:29:46] [ INFO ] [infoLogger:18] La longitud de la lista es mayor a 10
[2024-05-12 20:29:46] [ ERROR] [infoLogger:22] La lista es igual a 0
[2024-05-12 20:29:46] [ INFO ] [infoLogger:20] La longitud de la lista es mayor a 5
[2024-05-12 20:29:46] [ INFO ] [infoLogger:18] La longitud de la lista es mayor a 10
[2024-05-12 20:30:06] [ ERROR] [infoLogger:22] La lista es igual a 0
[2024-05-12 20:30:06] [ INFO ] [infoLogger:20] La longitud de la lista es mayor a 5
[2024-05-12 20:30:06] [ INFO ] [infoLogger:18] La longitud de la lista es mayor a 10
[2024-05-12 20:30:06] [ ERROR] [infoLogger:22] La lista es igual a 0
[2024-05-12 20:30:06] [ INFO ] [infoLogger:20] La longitud de la lista es mayor a 5
[2024-05-12 20:30:06] [ INFO ] [infoLogger:18] La longitud de la lista es mayor a 10
[2024-05-12 20:30:37] [ ERROR] [infoLogger:22] La lista es igual a 0
[2024-05-12 20:30:37] [ INFO ] [infoLogger:20] La longitud de la lista es mayor a 5
[2024-05-12 20:30:37] [ INFO ] [infoLogger:18] La longitud de la lista es mayor a 10
[2024-05-12 20:30:37] [ ERROR] [infoLogger:22] La lista es igual a 0
[2024-05-12 20:30:37] [ INFO ] [infoLogger:20] La longitud de la lista es mayor a 5
[2024-05-12 20:30:37] [ INFO ] [infoLogger:18] La longitud de la lista es mayor a 10
[2024-05-12 20:30:37] [ ERROR] [infoLogger:22] La lista es igual a 0
[2024-05-12 20:30:37] [ INFO ] [infoLogger:20] La longitud de la lista es mayor a 5
[2024-05-12 20:30:37] [ INFO ] [infoLogger:18] La longitud de la lista es mayor a 10
[2024-05-12 20:33:27] [ ERROR] [infoLogger:22] La lista es igual a 0
[2024-05-12 20:33:27] [ INFO ] [infoLogger:20] La longitud de la lista es mayor a 5
[2024-05-12 20:33:27] [ INFO ] [infoLogger:18] La longitud de la lista es mayor a 10
[2024-05-12 20:33:27] [ ERROR] [infoLogger:22] La lista es igual a 0
[2024-05-12 20:33:27] [ INFO ] [infoLogger:20] La longitud de la lista es mayor a 5
[2024-05-12 20:33:27] [ INFO ] [infoLogger:18] La longitud de la lista es mayor a 10
[2024-05-12 20:33:27] [ ERROR] [infoLogger:22] La lista es igual a 0
[2024-05-12 20:33:27] [ INFO ] [infoLogger:20] La longitud de la lista es mayor a 5
[2024-05-12 20:33:27] [ INFO ] [infoLogger:18] La longitud de la lista es mayor a 10
[2024-05-12 23:15:55] [ INFO ] [infoLogger:24] se creo correctamente la tabla en la bdd
[2024-05-12 23:15:55] [ WARN ] [infoLogger:27] se insertaron correctamente los animales
[2024-05-12 23:15:55] [ WARN ] [infoLogger:37] se elimino el ID 2
[2024-05-12 23:15:55] [ WARN ] [infoLogger:50] se cerro correctamente la conexion a la bdd
[2024-05-12 23:17:24] [ INFO ] [infoLogger:24] se creo correctamente la tabla en la bdd
[2024-05-12 23:17:24] [ WARN ] [infoLogger:27] se insertaron correctamente las figuras
[2024-05-12 23:17:24] [ WARN ] [infoLogger:37] se elimino el ID 2
[2024-05-12 23:17:24] [ WARN ] [infoLogger:50] se cerro correctamente la conexion a la bdd
